<?xml version="1.0" encoding="utf-8"?>
<testsuite errors="0" failures="0" name="unittest.suite.TestSuite" tests="1" time="0.818"><testcase classname="rostest.runner.RosTest" name="testtest_camerarotation" time="0.8176" /><system-out>&lt;![CDATA[
[ROSTEST]setup[/home/blade/catkin_ws/src/fiona_pkg/tests/test_camerarotation.launch] run_id[17ab69ae-ab24-11ea-a364-448a5b8ebfa3] starting
&amp;#x001B;[1mstarted roslaunch server http://192.168.3.143:10243/&amp;#x001B;[0m

SUMMARY
========

PARAMETERS
 * /rosdistro: melodic
 * /rosversion: 1.14.5

NODES
  /
    fiona_camerarotation_server (fiona_pkg/fiona_camerarotation_server)

[ROSTEST]setup[/home/blade/catkin_ws/src/fiona_pkg/tests/test_camerarotation.launch] run_id[17ab69ae-ab24-11ea-a364-448a5b8ebfa3] done
[ROSTEST]Running test [test_camerarotation]
&amp;#x001B;[1mROS_MASTER_URI=http://192.168.3.143:24031/&amp;#x001B;[0m
&amp;#x001B;[1msetting /run_id to 17ab69ae-ab24-11ea-a364-448a5b8ebfa3&amp;#x001B;[0m
&amp;#x001B;[1mprocess[fiona_camerarotation_server-1]: started with pid [22210]&amp;#x001B;[0m
[ROSTEST]running test test_camerarotation
&amp;#x001B;[1mprocess[test_camerarotation-2]: started with pid [22211]&amp;#x001B;[0m
&amp;#x001B;[1m[test_camerarotation-2] process has finished cleanly
log file: /home/blade/.ros/log/17ab69ae-ab24-11ea-a364-448a5b8ebfa3/test_camerarotation-2*.log&amp;#x001B;[0m
[ROSTEST]test [test_camerarotation] finished
[ROSTEST]test [test_camerarotation] results are in [/home/blade/catkin_ws/build/test_results/fiona_pkg/rosunit-test_camerarotation.xml]
[ROSTEST]test [test_camerarotation] results summary: 0 errors, 0 failures, 1 tests
[ROSTEST][ROSTEST] test [test_camerarotation] done
[ROSTEST]tearDown[/home/blade/catkin_ws/src/fiona_pkg/tests/test_camerarotation.launch]
shutting down processing monitor...
[fiona_camerarotation_server-1] killing on exit
... shutting down processing monitor complete
[ROSTEST]rostest teardown /home/blade/catkin_ws/src/fiona_pkg/tests/test_camerarotation.launch complete

]]&gt;</system-out><system-err>&lt;![CDATA[

]]&gt;</system-err></testsuite>