<?xml version="1.0" encoding="utf-8"?>
<testsuite errors="0" failures="0" name="unittest.suite.TestSuite" tests="1" time="0.816"><testcase classname="rostest.runner.RosTest" name="testtest_audiobuffer" time="0.8159" /><system-out>&lt;![CDATA[
[ROSTEST]setup[/home/blade/catkin_ws/src/fiona_pkg/tests/test_audiobuffer.launch] run_id[1dc4c92a-ab24-11ea-a364-448a5b8ebfa3] starting
&amp;#x001B;[1mstarted roslaunch server http://192.168.3.143:35221/&amp;#x001B;[0m

SUMMARY
========

PARAMETERS
 * /rosdistro: melodic
 * /rosversion: 1.14.5

NODES
  /
    fiona_audiobuffer_server (fiona_pkg/fiona_audiobuffer_server)

[ROSTEST]setup[/home/blade/catkin_ws/src/fiona_pkg/tests/test_audiobuffer.launch] run_id[1dc4c92a-ab24-11ea-a364-448a5b8ebfa3] done
[ROSTEST]Running test [test_audiobuffer]
&amp;#x001B;[1mROS_MASTER_URI=http://192.168.3.143:20891/&amp;#x001B;[0m
&amp;#x001B;[1msetting /run_id to 1dc4c92a-ab24-11ea-a364-448a5b8ebfa3&amp;#x001B;[0m
&amp;#x001B;[1mprocess[fiona_audiobuffer_server-1]: started with pid [22502]&amp;#x001B;[0m
[ROSTEST]running test test_audiobuffer
&amp;#x001B;[1mprocess[test_audiobuffer-2]: started with pid [22503]&amp;#x001B;[0m
&amp;#x001B;[1m[test_audiobuffer-2] process has finished cleanly
log file: /home/blade/.ros/log/1dc4c92a-ab24-11ea-a364-448a5b8ebfa3/test_audiobuffer-2*.log&amp;#x001B;[0m
[ROSTEST]test [test_audiobuffer] finished
[ROSTEST]test [test_audiobuffer] results are in [/home/blade/catkin_ws/build/test_results/fiona_pkg/rosunit-test_audiobuffer.xml]
[ROSTEST]test [test_audiobuffer] results summary: 0 errors, 0 failures, 1 tests
[ROSTEST][ROSTEST] test [test_audiobuffer] done
[ROSTEST]tearDown[/home/blade/catkin_ws/src/fiona_pkg/tests/test_audiobuffer.launch]
shutting down processing monitor...
[fiona_audiobuffer_server-1] killing on exit
... shutting down processing monitor complete
[ROSTEST]rostest teardown /home/blade/catkin_ws/src/fiona_pkg/tests/test_audiobuffer.launch complete

]]&gt;</system-out><system-err>&lt;![CDATA[

]]&gt;</system-err></testsuite>