<?xml version="1.0" encoding="utf-8"?>
<testsuite errors="0" failures="0" name="unittest.suite.TestSuite" tests="1" time="0.818"><testcase classname="rostest.runner.RosTest" name="testtest_faceposition" time="0.8178" /><system-out>&lt;![CDATA[
[ROSTEST]setup[/home/blade/catkin_ws/src/fiona_pkg/tests/test_faceposition.launch] run_id[20d8d2c8-ab24-11ea-a364-448a5b8ebfa3] starting
&amp;#x001B;[1mstarted roslaunch server http://192.168.3.143:30351/&amp;#x001B;[0m

SUMMARY
========

PARAMETERS
 * /rosdistro: melodic
 * /rosversion: 1.14.5

NODES
  /
    fiona_faceposition_server (fiona_pkg/fiona_faceposition_server)

[ROSTEST]setup[/home/blade/catkin_ws/src/fiona_pkg/tests/test_faceposition.launch] run_id[20d8d2c8-ab24-11ea-a364-448a5b8ebfa3] done
[ROSTEST]Running test [test_faceposition]
&amp;#x001B;[1mROS_MASTER_URI=http://192.168.3.143:13773/&amp;#x001B;[0m
&amp;#x001B;[1msetting /run_id to 20d8d2c8-ab24-11ea-a364-448a5b8ebfa3&amp;#x001B;[0m
&amp;#x001B;[1mprocess[fiona_faceposition_server-1]: started with pid [22646]&amp;#x001B;[0m
[ROSTEST]running test test_faceposition
&amp;#x001B;[1mprocess[test_faceposition-2]: started with pid [22647]&amp;#x001B;[0m
&amp;#x001B;[1m[test_faceposition-2] process has finished cleanly
log file: /home/blade/.ros/log/20d8d2c8-ab24-11ea-a364-448a5b8ebfa3/test_faceposition-2*.log&amp;#x001B;[0m
[ROSTEST]test [test_faceposition] finished
[ROSTEST]test [test_faceposition] results are in [/home/blade/catkin_ws/build/test_results/fiona_pkg/rosunit-test_faceposition.xml]
[ROSTEST]test [test_faceposition] results summary: 0 errors, 0 failures, 1 tests
[ROSTEST][ROSTEST] test [test_faceposition] done
[ROSTEST]tearDown[/home/blade/catkin_ws/src/fiona_pkg/tests/test_faceposition.launch]
shutting down processing monitor...
[fiona_faceposition_server-1] killing on exit
... shutting down processing monitor complete
[ROSTEST]rostest teardown /home/blade/catkin_ws/src/fiona_pkg/tests/test_faceposition.launch complete

]]&gt;</system-out><system-err>&lt;![CDATA[

]]&gt;</system-err></testsuite>