<?xml version="1.0" encoding="utf-8"?>
<testsuite errors="0" failures="0" name="unittest.suite.TestSuite" tests="1" time="0.817"><testcase classname="rostest.runner.RosTest" name="testtest_animation" time="0.8164" /><system-out>&lt;![CDATA[
[ROSTEST]setup[/home/blade/catkin_ws/src/fiona_pkg/tests/test_animation.launch] run_id[107d32b6-ab24-11ea-a364-448a5b8ebfa3] starting
&amp;#x001B;[1mstarted roslaunch server http://192.168.3.143:15771/&amp;#x001B;[0m

SUMMARY
========

PARAMETERS
 * /rosdistro: melodic
 * /rosversion: 1.14.5

NODES
  /
    fiona_animation_server (fiona_pkg/fiona_animation_server)

[ROSTEST]setup[/home/blade/catkin_ws/src/fiona_pkg/tests/test_animation.launch] run_id[107d32b6-ab24-11ea-a364-448a5b8ebfa3] done
[ROSTEST]Running test [test_animation]
&amp;#x001B;[1mROS_MASTER_URI=http://192.168.3.143:18719/&amp;#x001B;[0m
&amp;#x001B;[1msetting /run_id to 107d32b6-ab24-11ea-a364-448a5b8ebfa3&amp;#x001B;[0m
&amp;#x001B;[1mprocess[fiona_animation_server-1]: started with pid [21873]&amp;#x001B;[0m
[ROSTEST]running test test_animation
&amp;#x001B;[1mprocess[test_animation-2]: started with pid [21874]&amp;#x001B;[0m
&amp;#x001B;[1m[test_animation-2] process has finished cleanly
log file: /home/blade/.ros/log/107d32b6-ab24-11ea-a364-448a5b8ebfa3/test_animation-2*.log&amp;#x001B;[0m
[ROSTEST]test [test_animation] finished
[ROSTEST]test [test_animation] results are in [/home/blade/catkin_ws/build/test_results/fiona_pkg/rosunit-test_animation.xml]
[ROSTEST]test [test_animation] results summary: 0 errors, 0 failures, 1 tests
[ROSTEST][ROSTEST] test [test_animation] done
[ROSTEST]tearDown[/home/blade/catkin_ws/src/fiona_pkg/tests/test_animation.launch]
shutting down processing monitor...
[fiona_animation_server-1] killing on exit
... shutting down processing monitor complete
[ROSTEST]rostest teardown /home/blade/catkin_ws/src/fiona_pkg/tests/test_animation.launch complete

]]&gt;</system-out><system-err>&lt;![CDATA[

]]&gt;</system-err></testsuite>