<?xml version="1.0" encoding="utf-8"?>
<testsuite errors="0" failures="0" name="unittest.suite.TestSuite" tests="1" time="0.713"><testcase classname="rostest.runner.RosTest" name="testtest_listener" time="0.7124" /><system-out>&lt;![CDATA[
[ROSTEST]setup[/home/blade/catkin_ws/src/fiona_pkg/tests/test_listener.launch] run_id[19b8a7c0-ab24-11ea-a364-448a5b8ebfa3] starting
&amp;#x001B;[1mstarted roslaunch server http://192.168.3.143:11263/&amp;#x001B;[0m

SUMMARY
========

PARAMETERS
 * /rosdistro: melodic
 * /rosversion: 1.14.5

NODES
  /
    fiona_talker (fiona_pkg/fiona_talker)

[ROSTEST]setup[/home/blade/catkin_ws/src/fiona_pkg/tests/test_listener.launch] run_id[19b8a7c0-ab24-11ea-a364-448a5b8ebfa3] done
[ROSTEST]Running test [test_listener]
&amp;#x001B;[1mROS_MASTER_URI=http://192.168.3.143:31037/&amp;#x001B;[0m
&amp;#x001B;[1msetting /run_id to 19b8a7c0-ab24-11ea-a364-448a5b8ebfa3&amp;#x001B;[0m
&amp;#x001B;[1mprocess[fiona_talker-1]: started with pid [22306]&amp;#x001B;[0m
[ROSTEST]running test test_listener
&amp;#x001B;[1mprocess[test_listener-2]: started with pid [22307]&amp;#x001B;[0m
&amp;#x001B;[1m[test_listener-2] process has finished cleanly
log file: /home/blade/.ros/log/19b8a7c0-ab24-11ea-a364-448a5b8ebfa3/test_listener-2*.log&amp;#x001B;[0m
[ROSTEST]test [test_listener] finished
[ROSTEST]test [test_listener] results are in [/home/blade/catkin_ws/build/test_results/fiona_pkg/rosunit-test_listener.xml]
[ROSTEST]test [test_listener] results summary: 0 errors, 0 failures, 1 tests
[ROSTEST][ROSTEST] test [test_listener] done
[ROSTEST]tearDown[/home/blade/catkin_ws/src/fiona_pkg/tests/test_listener.launch]
shutting down processing monitor...
[fiona_talker-1] killing on exit
... shutting down processing monitor complete
[ROSTEST]rostest teardown /home/blade/catkin_ws/src/fiona_pkg/tests/test_listener.launch complete

]]&gt;</system-out><system-err>&lt;![CDATA[

]]&gt;</system-err></testsuite>